-- Configuring done
-- Generating done
-- Build files have been written to: /home/orcax/Documents/perception
[100%] Built target main
data/scene_1.png
[618, 839] 2.33171
[402, 654] -0.662418
[810, 702] 1.59743
[403, 495] 0.0413159
[921, 465] 0.697394
[731, 457] 2.00253
[824, 328] 0.492349
[617, 353] 1.6425
data/scene_2.png
[610, 757] 0.186771
[1007, 759] -0.0881897
[827, 659] 0.554759
[406, 660] -0.6598
[526, 544] 2.23899
[733, 459] 2.15362
[543, 354] -0.631804
[829, 312] 1.7353
data/scene_3.png
[640, 841] -0.00401064
[809, 676] 0.0125287
[458, 756] 1.65952
[983, 754] 1.58894
[573, 580] 0.0420212
[891, 444] 1.58636
[576, 391] 1.62881
[814, 290] 0.0340089
data/scene_4.png
[766, 754] 0.665679
[520, 739] 2.26678
[974, 666] 0.663739
[834, 568] 2.26854
[572, 522] 0.588856
[926, 403] 0.714983
[609, 382] 0.631868
[794, 294] -0.718197
data/scene_5.png
[1028, 870] 1.23543
[479, 844] -0.266487
[752, 746] -0.434299
[1006, 664] -0.487946
[816, 516] 0.0728067
[571, 496] 1.33884
[822, 275] 0.9567
data/scene_6.png
[927, 850] 2.0633
[806, 803] 1.60689
[1018, 668] 1.70357
[817, 591] 0.0370152
[522, 541] 0.0891413
[1015, 378] 0.898973
[652, 419] 0.827045
[826, 284] 0.715014
data/scene_7.png
[807, 857] 1.99637
[1018, 858] 1.55661
[612, 853] 2.34931
[1008, 667] -0.582355
[618, 634] 0.436516
[1030, 470] 0.907071
[818, 461] 1.2722
[638, 450] 0.680606
data/scene_8.png
[647, 854] 0.0753456
[963, 762] -0.02385
[648, 662] 0.0108657
[801, 580] 1.57151
[637, 469] -0.484328
[842, 353] -0.522185
